e:\utaloids\flite\x64\release\flitedll.pdb
e:\utaloids\flite\x64\release\flite_sapi_usenglish.obj
e:\utaloids\flite\x64\release\cmu_indic_lex.obj
e:\utaloids\flite\x64\release\cmu_indic_phrasing_cart.obj
e:\utaloids\flite\x64\release\cmu_indic_phoneset.obj
e:\utaloids\flite\x64\release\cmu_indic_lang.obj
e:\utaloids\flite\x64\release\grapheme_unitran_tables.obj
e:\utaloids\flite\x64\release\cmu_grapheme_lex.obj
e:\utaloids\flite\x64\release\cmu_grapheme_phrasing_cart.obj
e:\utaloids\flite\x64\release\cmu_grapheme_phoneset.obj
e:\utaloids\flite\x64\release\cmu_grapheme_lang.obj
e:\utaloids\flite\x64\release\flitettsengineobj.obj
e:\utaloids\flite\x64\release\flitettsengineobj.lib
e:\utaloids\flite\x64\release\flitedll.tlog\cl.command.1.tlog
e:\utaloids\flite\x64\release\flitedll.tlog\cl.read.1.tlog
e:\utaloids\flite\x64\release\flitedll.tlog\cl.write.1.tlog
e:\utaloids\flite\x64\release\flitedll.tlog\lib-link.read.1.tlog
e:\utaloids\flite\x64\release\flitedll.tlog\lib-link.write.1.tlog
e:\utaloids\flite\x64\release\flitedll.tlog\lib.command.1.tlog
e:\utaloids\flite\x64\release\flitedll.tlog\link-cvtres.read.1.tlog
e:\utaloids\flite\x64\release\flitedll.tlog\link-cvtres.write.1.tlog
e:\utaloids\flite\x64\release\flitedll.tlog\link-rc.read.1.tlog
e:\utaloids\flite\x64\release\flitedll.tlog\link-rc.write.1.tlog
e:\utaloids\flite\x64\release\flitedll.tlog\link.command.1.tlog
e:\utaloids\flite\x64\release\flitedll.tlog\link.read.1.tlog
e:\utaloids\flite\x64\release\flitedll.tlog\link.write.1.tlog
